<?xml version="1.0" encoding="UTF-8"?>
<testng-results ignored="0" total="1" passed="1" failed="0" skipped="0">
  <reporter-output>
  </reporter-output>
  <suite started-at="2022-06-07T17:34:12 IST" name="Default suite" finished-at="2022-06-07T17:34:28 IST" duration-ms="15951">
    <groups>
    </groups>
    <test started-at="2022-06-07T17:34:12 IST" name="Default test" finished-at="2022-06-07T17:34:28 IST" duration-ms="15951">
      <class name="SeleniumScripts.Practice.PracticeSignup">
        <test-method is-config="true" signature="setup()[pri:0, instance:SeleniumScripts.Practice.PracticeSignup@4d5b6aac]" started-at="2022-06-07T17:34:12 IST" name="setup" finished-at="2022-06-07T17:34:18 IST" duration-ms="6410" status="PASS">
          <reporter-output>
          </reporter-output>
        </test-method> <!-- setup -->
        <test-method is-config="true" signature="setURL()[pri:0, instance:SeleniumScripts.Practice.PracticeSignup@4d5b6aac]" started-at="2022-06-07T17:34:18 IST" name="setURL" finished-at="2022-06-07T17:34:23 IST" duration-ms="4147" status="PASS">
          <reporter-output>
          </reporter-output>
        </test-method> <!-- setURL -->
        <test-method signature="Signup()[pri:0, instance:SeleniumScripts.Practice.PracticeSignup@4d5b6aac]" started-at="2022-06-07T17:34:23 IST" name="Signup" finished-at="2022-06-07T17:34:28 IST" duration-ms="5286" status="PASS">
          <reporter-output>
          </reporter-output>
        </test-method> <!-- Signup -->
      </class> <!-- SeleniumScripts.Practice.PracticeSignup -->
    </test> <!-- Default test -->
  </suite> <!-- Default suite -->
</testng-results>
